# JRE version: OpenJDK Runtime Environment Temurin-11.0.15+10 (11.0.15+10) (build 11.0.15+10)
# Java VM: OpenJDK 64-Bit Server VM Temurin-11.0.15+10 (11.0.15+10, mixed mode, tiered, compressed oops, g1 gc, windows-amd64)
Heap:
 garbage-first heap   total 262144K, used 57687K [0x00000000e0000000, 0x0000000100000000)
  region size 1024K, 11 young (11264K), 6 survivors (6144K)
 Metaspace       used 82005K, capacity 85271K, committed 85712K, reserved 329728K
  class space    used 10156K, capacity 11170K, committed 11340K, reserved 253952K
GC Heap History (20 events):
Event: 3.829 GC heap before
{Heap before GC invocations=5 (full 0):
 garbage-first heap   total 262144K, used 37528K [0x00000000e0000000, 0x0000000100000000)
  region size 1024K, 24 young (24576K), 3 survivors (3072K)
 Metaspace       used 20810K, capacity 21238K, committed 21296K, reserved 274432K
  class space    used 2522K, capacity 2682K, committed 2688K, reserved 253952K
}
Event: 3.834 GC heap after
{Heap after GC invocations=6 (full 0):
 garbage-first heap   total 262144K, used 17591K [0x00000000e0000000, 0x0000000100000000)
  region size 1024K, 4 young (4096K), 4 survivors (4096K)
 Metaspace       used 20810K, capacity 21238K, committed 21296K, reserved 274432K
  class space    used 2522K, capacity 2682K, committed 2688K, reserved 253952K
}
Event: 4.717 GC heap before
{Heap before GC invocations=7 (full 0):
 garbage-first heap   total 262144K, used 78007K [0x00000000e0000000, 0x0000000100000000)
  region size 1024K, 63 young (64512K), 4 survivors (4096K)
 Metaspace       used 26856K, capacity 27563K, committed 27772K, reserved 278528K
  class space    used 3467K, capacity 3737K, committed 3788K, reserved 253952K
}
Event: 4.727 GC heap after
{Heap after GC invocations=8 (full 0):
 garbage-first heap   total 262144K, used 19860K [0x00000000e0000000, 0x0000000100000000)
  region size 1024K, 6 young (6144K), 6 survivors (6144K)
 Metaspace       used 26856K, capacity 27563K, committed 27772K, reserved 278528K
  class space    used 3467K, capacity 3737K, committed 3788K, reserved 253952K
}
Event: 5.982 GC heap before
{Heap before GC invocations=8 (full 0):
 garbage-first heap   total 262144K, used 85396K [0x00000000e0000000, 0x0000000100000000)
  region size 1024K, 71 young (72704K), 6 survivors (6144K)
 Metaspace       used 35138K, capacity 35903K, committed 36048K, reserved 286720K
  class space    used 4525K, capacity 4838K, committed 4940K, reserved 253952K
}
Event: 5.999 GC heap after
{Heap after GC invocations=9 (full 0):
 garbage-first heap   total 262144K, used 23185K [0x00000000e0000000, 0x0000000100000000)
  region size 1024K, 9 young (9216K), 9 survivors (9216K)
 Metaspace       used 35138K, capacity 35903K, committed 36048K, reserved 286720K
  class space    used 4525K, capacity 4838K, committed 4940K, reserved 253952K
}
Event: 9.079 GC heap before
{Heap before GC invocations=10 (full 0):
 garbage-first heap   total 262144K, used 173713K [0x00000000e0000000, 0x0000000100000000)
  region size 1024K, 153 young (156672K), 9 survivors (9216K)
 Metaspace       used 47585K, capacity 48773K, committed 48848K, reserved 296960K
  class space    used 6046K, capacity 6457K, committed 6476K, reserved 253952K
}
Event: 9.104 GC heap after
{Heap after GC invocations=11 (full 0):
 garbage-first heap   total 262144K, used 30132K [0x00000000e0000000, 0x0000000100000000)
  region size 1024K, 16 young (16384K), 16 survivors (16384K)
 Metaspace       used 47585K, capacity 48773K, committed 48848K, reserved 296960K
  class space    used 6046K, capacity 6457K, committed 6476K, reserved 253952K
}
Event: 12.023 GC heap before
{Heap before GC invocations=12 (full 0):
 garbage-first heap   total 262144K, used 170420K [0x00000000e0000000, 0x0000000100000000)
  region size 1024K, 153 young (156672K), 16 survivors (16384K)
 Metaspace       used 56480K, capacity 58358K, committed 58576K, reserved 305152K
  class space    used 7452K, capacity 8141K, committed 8268K, reserved 253952K
}
Event: 12.056 GC heap after
{Heap after GC invocations=13 (full 0):
 garbage-first heap   total 262144K, used 39669K [0x00000000e0000000, 0x0000000100000000)
  region size 1024K, 17 young (17408K), 17 survivors (17408K)
 Metaspace       used 56480K, capacity 58358K, committed 58576K, reserved 305152K
  class space    used 7452K, capacity 8141K, committed 8268K, reserved 253952K
}
Event: 41.174 GC heap before
{Heap before GC invocations=13 (full 0):
 garbage-first heap   total 262144K, used 177909K [0x00000000e0000000, 0x0000000100000000)
  region size 1024K, 153 young (156672K), 17 survivors (17408K)
 Metaspace       used 69239K, capacity 71837K, committed 72144K, reserved 317440K
  class space    used 9045K, capacity 9981K, committed 10060K, reserved 253952K
}
Event: 41.578 GC heap after
{Heap after GC invocations=14 (full 0):
 garbage-first heap   total 262144K, used 47198K [0x00000000e0000000, 0x0000000100000000)
  region size 1024K, 18 young (18432K), 18 survivors (18432K)
 Metaspace       used 69239K, capacity 71837K, committed 72144K, reserved 317440K
  class space    used 9045K, capacity 9981K, committed 10060K, reserved 253952K
}
Event: 221.537 GC heap before
{Heap before GC invocations=14 (full 0):
 garbage-first heap   total 262144K, used 145502K [0x00000000e0000000, 0x0000000100000000)
  region size 1024K, 115 young (117760K), 18 survivors (18432K)
 Metaspace       used 72909K, capacity 75667K, committed 75856K, reserved 319488K
  class space    used 9366K, capacity 10336K, committed 10444K, reserved 253952K
}
Event: 221.757 GC heap after
{Heap after GC invocations=15 (full 0):
 garbage-first heap   total 262144K, used 47684K [0x00000000e0000000, 0x0000000100000000)
  region size 1024K, 9 young (9216K), 9 survivors (9216K)
 Metaspace       used 72909K, capacity 75667K, committed 75856K, reserved 319488K
  class space    used 9366K, capacity 10336K, committed 10444K, reserved 253952K
}
Event: 733.561 GC heap before
{Heap before GC invocations=15 (full 0):
 garbage-first heap   total 262144K, used 194116K [0x00000000e0000000, 0x0000000100000000)
  region size 1024K, 153 young (156672K), 9 survivors (9216K)
 Metaspace       used 76654K, capacity 79719K, committed 79824K, reserved 323584K
  class space    used 9710K, capacity 10735K, committed 10828K, reserved 253952K
}
Event: 733.728 GC heap after
{Heap after GC invocations=16 (full 0):
 garbage-first heap   total 262144K, used 56177K [0x00000000e0000000, 0x0000000100000000)
  region size 1024K, 17 young (17408K), 17 survivors (17408K)
 Metaspace       used 76654K, capacity 79719K, committed 79824K, reserved 323584K
  class space    used 9710K, capacity 10735K, committed 10828K, reserved 253952K
}
Event: 994.488 GC heap before
{Heap before GC invocations=16 (full 0):
 garbage-first heap   total 262144K, used 162673K [0x00000000e0000000, 0x0000000100000000)
  region size 1024K, 123 young (125952K), 17 survivors (17408K)
 Metaspace       used 78883K, capacity 81998K, committed 82056K, reserved 325632K
  class space    used 9892K, capacity 10936K, committed 10956K, reserved 253952K
}
Event: 994.694 GC heap after
{Heap after GC invocations=17 (full 0):
 garbage-first heap   total 262144K, used 52419K [0x00000000e0000000, 0x0000000100000000)
  region size 1024K, 5 young (5120K), 5 survivors (5120K)
 Metaspace       used 78883K, capacity 81998K, committed 82056K, reserved 325632K
  class space    used 9892K, capacity 10936K, committed 10956K, reserved 253952K
}
Event: 2300.283 GC heap before
{Heap before GC invocations=18 (full 0):
 garbage-first heap   total 262144K, used 202947K [0x00000000e0000000, 0x0000000100000000)
  region size 1024K, 153 young (156672K), 5 survivors (5120K)
 Metaspace       used 81962K, capacity 85259K, committed 85712K, reserved 329728K
  class space    used 10153K, capacity 11168K, committed 11340K, reserved 253952K
}
Event: 2300.389 GC heap after
{Heap after GC invocations=19 (full 0):
 garbage-first heap   total 262144K, used 53591K [0x00000000e0000000, 0x0000000100000000)
  region size 1024K, 6 young (6144K), 6 survivors (6144K)
 Metaspace       used 81962K, capacity 85259K, committed 85712K, reserved 329728K
  class space    used 10153K, capacity 11168K, committed 11340K, reserved 253952K
}

